2021.06.01 12:46:10.142 INFO  Model.MyModel - User xxx -New maze was generated!
2021.06.01 12:46:17.499 INFO  Model.MyModel - User xxx - Asked for help. printed solution!
2021.06.01 12:46:27.254 DEBUG Model.MyModel - User xxx - cannot update config file with row and cols less than 2!
2021.06.01 12:47:11.972 INFO  Model.MyModel - User xxx -New maze was generated!
2021.06.01 12:47:18.835 ERROR Model.MyModel - User xxx - cannot update config file with row and cols less than 2!
2021.06.01 13:53:42.955 INFO  Model.MyModel - User xxx -New maze was generated!
2021.06.01 13:54:22.399 INFO  Model.MyModel - User xxx -New maze was generated!
2021.06.01 14:04:24.169 INFO  Model.MyModel - User xxx -New maze was generated!
2021.06.01 14:04:58.256 INFO  Model.MyModel - User xxx -New maze was generated!
2021.06.01 14:06:07.874 INFO  Model.MyModel - User xxx -New maze was generated!
2021.06.01 14:07:02.309 INFO  Model.MyModel - User xxx -New maze was generated!
2021.06.01 14:10:09.212 INFO  Model.MyModel - User xxx -New maze was generated!
2021.06.01 14:11:00.360 INFO  Model.MyModel - User xxx - Asked for help. printed solution!
2021.06.01 14:11:07.488 INFO  Model.MyModel - User xxx - Asked for help. printed solution!
2021.06.01 14:11:29.878 INFO  Model.MyModel - User xxx -New maze was generated!
2021.06.01 14:18:38.575 INFO  Model.MyModel - User xxx -New maze was generated!
2021.06.01 14:25:37.394 INFO  Model.MyModel - User xxx -New maze was generated!
2021.06.01 14:32:16.585 INFO  Model.MyModel - User xxx -New maze was generated!
2021.06.01 14:32:21.081 INFO  Model.MyModel - User xxx - Asked for help. printed solution!
2021.06.01 14:41:26.216 INFO  Model.MyModel - User xxx -New maze was generated!
2021.06.01 14:43:00.634 INFO  Model.MyModel - User xxx -New maze was generated!
2021.06.01 14:46:36.108 INFO  Model.MyModel - User xxx -New maze was generated!
2021.06.01 14:47:46.571 INFO  Model.MyModel - User xxx -New maze was generated!
2021.06.01 14:51:04.480 INFO  Model.MyModel - User xxx -New maze was generated!
2021.06.01 14:51:08.958 INFO  Model.MyModel - User xxx - Asked for help. printed solution!
2021.06.01 14:52:43.390 INFO  Model.MyModel - User xxx -New maze was generated!
2021.06.01 14:54:40.084 INFO  Model.MyModel - User xxx -New maze was generated!
2021.06.01 14:56:09.240 INFO  Model.MyModel - User xxx -New maze was generated!
2021.06.01 14:58:36.284 INFO  Model.MyModel - User xxx -New maze was generated!
2021.06.01 15:04:34.787 INFO  Model.MyModel - User xxx -New maze was generated!
2021.06.01 15:06:03.881 INFO  Model.MyModel - User xxx -New maze was generated!
2021.06.01 15:09:40.819 INFO  Model.MyModel - User xxx -New maze was generated!
2021.06.01 15:10:08.035 INFO  Model.MyModel - User xxx -New maze was generated!
2021.06.01 15:25:18.864 INFO  Model.MyModel - User xxx -New maze was generated!
2021.06.01 15:26:11.469 INFO  Model.MyModel - User xxx -New maze was generated!
2021.06.01 15:27:49.097 INFO  Model.MyModel - User xxx -New maze was generated!
2021.06.01 15:28:44.628 INFO  Model.MyModel - User xxx - Config file changed.
2021.06.01 15:28:47.342 INFO  Model.MyModel - User xxx -New maze was generated!
2021.06.01 16:08:59.074 INFO  Model.MyModel - User xxx -New maze was generated!
2021.06.02 16:30:33.337 INFO  Model.MyModel - User xxx -New maze was generated!
2021.06.02 16:30:42.961 INFO  Model.MyModel - User xxx - Config file changed.
2021.06.02 16:30:50.313 INFO  Model.MyModel - User xxx - Asked for help. printed solution!
2021.06.02 16:32:39.125 INFO  Model.MyModel - User xxx -New maze was generated!
2021.06.02 16:32:51.885 INFO  Model.MyModel - User xxx - Asked for help. printed solution!
2021.06.02 16:32:59.345 INFO  Model.MyModel - User xxx - Finished the maze!
2021.06.02 16:45:20.701 INFO  Model.MyModel - User xxx -New maze was generated!
2021.06.02 16:51:47.433 INFO  Model.MyModel - User xxx -New maze was generated!
2021.06.02 17:30:24.642 INFO  Model.MyModel - User xxx -New maze was generated!
2021.06.02 17:31:25.408 INFO  Model.MyModel - User xxx - Finished the maze!
